2026-02-10 08:55:46,779 - DEBUG - Main window initialized
2026-02-10 08:55:53,057 - DEBUG - Music path: D:\Users\Administrator\PycharmProjects\PythonProject9\data\music.mp3
2026-02-10 08:55:53,203 - DEBUG - Se4 window shown
2026-02-10 08:57:34,693 - DEBUG - S4 window reference cleared
2026-02-10 08:57:34,775 - DEBUG - Second window initialized
2026-02-10 08:57:34,775 - DEBUG - buttonBox type: <class 'PyQt6.QtWidgets.QDialogButtonBox'>
2026-02-10 08:57:34,778 - DEBUG - buttonBox buttons: [<PyQt6.QtWidgets.QPushButton object at 0x000002314257E850>, <PyQt6.QtWidgets.QPushButton object at 0x000002314257E8F0>]
2026-02-10 08:57:41,254 - DEBUG - OK button clicked
2026-02-10 08:57:41,678 - DEBUG - OK button clicked
2026-02-10 08:57:42,047 - DEBUG - OK button clicked
2026-02-10 08:57:44,101 - DEBUG - Second window is closing
2026-02-10 08:57:44,101 - DEBUG - Second window reference cleared
2026-02-10 08:57:46,263 - INFO - Slot machine started
2026-02-10 08:57:46,878 - DEBUG - Displaying image: D:\Users\Administrator\PycharmProjects\PythonProject9\data\1.jpg
2026-02-10 08:57:47,279 - DEBUG - Displaying image: D:\Users\Administrator\PycharmProjects\PythonProject9\data\4.jpg
2026-02-10 08:57:47,783 - DEBUG - Displaying image: D:\Users\Administrator\PycharmProjects\PythonProject9\data\10.jpg
2026-02-10 08:57:48,290 - DEBUG - Displaying image: D:\Users\Administrator\PycharmProjects\PythonProject9\data\11.jpg
2026-02-10 08:57:48,798 - DEBUG - Displaying image: D:\Users\Administrator\PycharmProjects\PythonProject9\data\8.jpg
2026-02-10 08:57:49,277 - DEBUG - Displaying image: D:\Users\Administrator\PycharmProjects\PythonProject9\data\11.jpg
2026-02-10 08:57:49,795 - DEBUG - Displaying image: D:\Users\Administrator\PycharmProjects\PythonProject9\data\2.jpg
2026-02-10 08:57:50,364 - DEBUG - Displaying image: D:\Users\Administrator\PycharmProjects\PythonProject9\data\3.jpg
2026-02-10 08:57:50,806 - DEBUG - Displaying image: D:\Users\Administrator\PycharmProjects\PythonProject9\data\6.jpg
2026-02-10 08:57:51,298 - DEBUG - Displaying image: D:\Users\Administrator\PycharmProjects\PythonProject9\data\12.jpg
2026-02-10 08:57:51,775 - DEBUG - Displaying image: D:\Users\Administrator\PycharmProjects\PythonProject9\data\2.jpg
2026-02-10 08:57:52,287 - DEBUG - Displaying image: D:\Users\Administrator\PycharmProjects\PythonProject9\data\4.jpg
2026-02-10 08:57:52,785 - DEBUG - Displaying image: D:\Users\Administrator\PycharmProjects\PythonProject9\data\11.jpg
2026-02-10 08:57:53,278 - DEBUG - Displaying image: D:\Users\Administrator\PycharmProjects\PythonProject9\data\10.jpg
2026-02-10 08:57:53,790 - DEBUG - Displaying image: D:\Users\Administrator\PycharmProjects\PythonProject9\data\5.jpg
2026-02-10 08:57:54,316 - DEBUG - Displaying image: D:\Users\Administrator\PycharmProjects\PythonProject9\data\9.jpg
2026-02-10 08:57:54,788 - DEBUG - Displaying image: D:\Users\Administrator\PycharmProjects\PythonProject9\data\2.jpg
2026-02-10 08:57:55,280 - DEBUG - Displaying image: D:\Users\Administrator\PycharmProjects\PythonProject9\data\5.jpg
2026-02-10 08:57:57,394 - INFO - Slot machine stopped, result: 5
