2026-02-08 14:34:24,019 - DEBUG - Main window initialized
2026-02-08 14:34:25,653 - INFO - Slot machine started
2026-02-08 14:34:26,152 - DEBUG - Displaying image: C:\Users\Administrator\AppData\Local\Temp\_MEI169642\data\4.jpg
2026-02-08 14:34:26,707 - DEBUG - Displaying image: C:\Users\Administrator\AppData\Local\Temp\_MEI169642\data\3.jpg
2026-02-08 14:34:27,150 - DEBUG - Displaying image: C:\Users\Administrator\AppData\Local\Temp\_MEI169642\data\8.jpg
2026-02-08 14:34:27,650 - DEBUG - Displaying image: C:\Users\Administrator\AppData\Local\Temp\_MEI169642\data\1.jpg
2026-02-08 14:34:28,150 - DEBUG - Displaying image: C:\Users\Administrator\AppData\Local\Temp\_MEI169642\data\2.jpg
2026-02-08 14:34:28,650 - DEBUG - Displaying image: C:\Users\Administrator\AppData\Local\Temp\_MEI169642\data\12.jpg
2026-02-08 14:34:30,734 - INFO - Slot machine stopped, result: 12
2026-02-08 14:34:33,016 - DEBUG - Second window initialized
2026-02-08 14:34:33,016 - DEBUG - buttonBox type: <class 'PyQt6.QtWidgets.QDialogButtonBox'>
2026-02-08 14:34:33,016 - DEBUG - buttonBox buttons: [<PyQt6.QtWidgets.QPushButton object at 0x000002D394651A90>, <PyQt6.QtWidgets.QPushButton object at 0x000002D394651B30>]
2026-02-08 14:34:33,028 - DEBUG - Second window shown
2026-02-08 14:34:37,316 - DEBUG - OK button clicked
2026-02-08 14:34:39,380 - DEBUG - Cancel button clicked
2026-02-08 14:34:42,196 - DEBUG - OK button clicked
2026-02-08 14:34:44,508 - DEBUG - OK button clicked
2026-02-08 14:34:47,253 - DEBUG - Cancel button clicked
2026-02-08 14:34:48,710 - DEBUG - Second window is closing
2026-02-08 14:34:48,710 - DEBUG - Second window reference cleared
